# JRE version: OpenJDK Runtime Environment (8.0_222-b11) (build 1.8.0_222-BellSoft-b11)
# Java VM: OpenJDK 64-Bit Server VM (25.222-b11 mixed mode linux-amd64 compressed oops)
Heap:
 PSYoungGen      total 521216K, used 4672K [0x0000000791b80000, 0x00000007b3880000, 0x00000007c0000000)
  eden space 488448K, 0% used [0x0000000791b80000,0x0000000791b80000,0x00000007af880000)
  from space 32768K, 14% used [0x00000007af880000,0x00000007afd10010,0x00000007b1880000)
  to   space 30720K, 0% used [0x00000007b1a80000,0x00000007b1a80000,0x00000007b3880000)
 ParOldGen       total 128000K, used 86118K [0x0000000735200000, 0x000000073cf00000, 0x0000000791b80000)
  object space 128000K, 67% used [0x0000000735200000,0x000000073a619828,0x000000073cf00000)
 Metaspace       used 45496K, capacity 47492K, committed 47616K, reserved 1091584K
  class space    used 5734K, capacity 6103K, committed 6144K, reserved 1048576K
GC Heap History (10 events):
Event: 63,305 GC heap after
Heap after GC invocations=10 (full 2):
 PSYoungGen      total 249344K, used 19903K [0x0000000791b80000, 0x00000007a3e00000, 0x00000007c0000000)
  eden space 228864K, 0% used [0x0000000791b80000,0x0000000791b80000,0x000000079fb00000)
  from space 20480K, 97% used [0x00000007a1200000,0x00000007a256fc88,0x00000007a2600000)
  to   space 23552K, 0% used [0x000000079fb00000,0x000000079fb00000,0x00000007a1200000)
 ParOldGen       total 128000K, used 32793K [0x0000000735200000, 0x000000073cf00000, 0x0000000791b80000)
  object space 128000K, 25% used [0x0000000735200000,0x0000000737206518,0x000000073cf00000)
 Metaspace       used 45403K, capacity 47392K, committed 47616K, reserved 1091584K
  class space    used 5720K, capacity 6097K, committed 6144K, reserved 1048576K
}
Event: 63,451 GC heap before
{Heap before GC invocations=11 (full 2):
 PSYoungGen      total 249344K, used 248767K [0x0000000791b80000, 0x00000007a3e00000, 0x00000007c0000000)
  eden space 228864K, 100% used [0x0000000791b80000,0x000000079fb00000,0x000000079fb00000)
  from space 20480K, 97% used [0x00000007a1200000,0x00000007a256fc88,0x00000007a2600000)
  to   space 23552K, 0% used [0x000000079fb00000,0x000000079fb00000,0x00000007a1200000)
 ParOldGen       total 128000K, used 32793K [0x0000000735200000, 0x000000073cf00000, 0x0000000791b80000)
  object space 128000K, 25% used [0x0000000735200000,0x0000000737206518,0x000000073cf00000)
 Metaspace       used 45412K, capacity 47404K, committed 47616K, reserved 1091584K
  class space    used 5722K, capacity 6099K, committed 6144K, reserved 1048576K
Event: 63,495 GC heap after
Heap after GC invocations=11 (full 2):
 PSYoungGen      total 252416K, used 20764K [0x0000000791b80000, 0x00000007a9500000, 0x00000007c0000000)
  eden space 228864K, 0% used [0x0000000791b80000,0x0000000791b80000,0x000000079fb00000)
  from space 23552K, 88% used [0x000000079fb00000,0x00000007a0f47178,0x00000007a1200000)
  to   space 26112K, 0% used [0x00000007a7b80000,0x00000007a7b80000,0x00000007a9500000)
 ParOldGen       total 128000K, used 48937K [0x0000000735200000, 0x000000073cf00000, 0x0000000791b80000)
  object space 128000K, 38% used [0x0000000735200000,0x00000007381ca7b0,0x000000073cf00000)
 Metaspace       used 45412K, capacity 47404K, committed 47616K, reserved 1091584K
  class space    used 5722K, capacity 6099K, committed 6144K, reserved 1048576K
}
Event: 63,726 GC heap before
{Heap before GC invocations=12 (full 2):
 PSYoungGen      total 252416K, used 249628K [0x0000000791b80000, 0x00000007a9500000, 0x00000007c0000000)
  eden space 228864K, 100% used [0x0000000791b80000,0x000000079fb00000,0x000000079fb00000)
  from space 23552K, 88% used [0x000000079fb00000,0x00000007a0f47178,0x00000007a1200000)
  to   space 26112K, 0% used [0x00000007a7b80000,0x00000007a7b80000,0x00000007a9500000)
 ParOldGen       total 128000K, used 48937K [0x0000000735200000, 0x000000073cf00000, 0x0000000791b80000)
  object space 128000K, 38% used [0x0000000735200000,0x00000007381ca7b0,0x000000073cf00000)
 Metaspace       used 45485K, capacity 47480K, committed 47616K, reserved 1091584K
  class space    used 5732K, capacity 6101K, committed 6144K, reserved 1048576K
Event: 63,751 GC heap after
Heap after GC invocations=12 (full 2):
 PSYoungGen      total 356864K, used 25454K [0x0000000791b80000, 0x00000007a9e00000, 0x00000007c0000000)
  eden space 330752K, 0% used [0x0000000791b80000,0x0000000791b80000,0x00000007a5e80000)
  from space 26112K, 97% used [0x00000007a7b80000,0x00000007a945b848,0x00000007a9500000)
  to   space 29696K, 0% used [0x00000007a5e80000,0x00000007a5e80000,0x00000007a7b80000)
 ParOldGen       total 128000K, used 65329K [0x0000000735200000, 0x000000073cf00000, 0x0000000791b80000)
  object space 128000K, 51% used [0x0000000735200000,0x00000007391cc7d0,0x000000073cf00000)
 Metaspace       used 45485K, capacity 47480K, committed 47616K, reserved 1091584K
  class space    used 5732K, capacity 6101K, committed 6144K, reserved 1048576K
}
Event: 64,035 GC heap before
{Heap before GC invocations=13 (full 2):
 PSYoungGen      total 356864K, used 356206K [0x0000000791b80000, 0x00000007a9e00000, 0x00000007c0000000)
  eden space 330752K, 100% used [0x0000000791b80000,0x00000007a5e80000,0x00000007a5e80000)
  from space 26112K, 97% used [0x00000007a7b80000,0x00000007a945b848,0x00000007a9500000)
  to   space 29696K, 0% used [0x00000007a5e80000,0x00000007a5e80000,0x00000007a7b80000)
 ParOldGen       total 128000K, used 65329K [0x0000000735200000, 0x000000073cf00000, 0x0000000791b80000)
  object space 128000K, 51% used [0x0000000735200000,0x00000007391cc7d0,0x000000073cf00000)
 Metaspace       used 45493K, capacity 47492K, committed 47616K, reserved 1091584K
  class space    used 5733K, capacity 6103K, committed 6144K, reserved 1048576K
Event: 64,078 GC heap after
Heap after GC invocations=13 (full 2):
 PSYoungGen      total 360448K, used 25234K [0x0000000791b80000, 0x00000007b3a00000, 0x00000007c0000000)
  eden space 330752K, 0% used [0x0000000791b80000,0x0000000791b80000,0x00000007a5e80000)
  from space 29696K, 84% used [0x00000007a5e80000,0x00000007a7724be8,0x00000007a7b80000)
  to   space 32256K, 0% used [0x00000007b1a80000,0x00000007b1a80000,0x00000007b3a00000)
 ParOldGen       total 128000K, used 72011K [0x0000000735200000, 0x000000073cf00000, 0x0000000791b80000)
  object space 128000K, 56% used [0x0000000735200000,0x0000000739852ec8,0x000000073cf00000)
 Metaspace       used 45493K, capacity 47492K, committed 47616K, reserved 1091584K
  class space    used 5733K, capacity 6103K, committed 6144K, reserved 1048576K
}
Event: 64,282 GC heap before
{Heap before GC invocations=14 (full 2):
 PSYoungGen      total 360448K, used 355986K [0x0000000791b80000, 0x00000007b3a00000, 0x00000007c0000000)
  eden space 330752K, 100% used [0x0000000791b80000,0x00000007a5e80000,0x00000007a5e80000)
  from space 29696K, 84% used [0x00000007a5e80000,0x00000007a7724be8,0x00000007a7b80000)
  to   space 32256K, 0% used [0x00000007b1a80000,0x00000007b1a80000,0x00000007b3a00000)
 ParOldGen       total 128000K, used 72011K [0x0000000735200000, 0x000000073cf00000, 0x0000000791b80000)
  object space 128000K, 56% used [0x0000000735200000,0x0000000739852ec8,0x000000073cf00000)
 Metaspace       used 45496K, capacity 47492K, committed 47616K, reserved 1091584K
  class space    used 5734K, capacity 6103K, committed 6144K, reserved 1048576K
Event: 64,295 GC heap after
Heap after GC invocations=14 (full 2):
 PSYoungGen      total 519168K, used 2464K [0x0000000791b80000, 0x00000007b3880000, 0x00000007c0000000)
  eden space 488448K, 0% used [0x0000000791b80000,0x0000000791b80000,0x00000007af880000)
  from space 30720K, 8% used [0x00000007b1a80000,0x00000007b1ce8010,0x00000007b3880000)
  to   space 32768K, 0% used [0x00000007af880000,0x00000007af880000,0x00000007b1880000)
 ParOldGen       total 128000K, used 86046K [0x0000000735200000, 0x000000073cf00000, 0x0000000791b80000)
  object space 128000K, 67% used [0x0000000735200000,0x000000073a607808,0x000000073cf00000)
 Metaspace       used 45496K, capacity 47492K, committed 47616K, reserved 1091584K
  class space    used 5734K, capacity 6103K, committed 6144K, reserved 1048576K
}
Event: 64,662 GC heap before
{Heap before GC invocations=15 (full 2):
 PSYoungGen      total 519168K, used 490912K [0x0000000791b80000, 0x00000007b3880000, 0x00000007c0000000)
  eden space 488448K, 100% used [0x0000000791b80000,0x00000007af880000,0x00000007af880000)
  from space 30720K, 8% used [0x00000007b1a80000,0x00000007b1ce8010,0x00000007b3880000)
  to   space 32768K, 0% used [0x00000007af880000,0x00000007af880000,0x00000007b1880000)
 ParOldGen       total 128000K, used 86046K [0x0000000735200000, 0x000000073cf00000, 0x0000000791b80000)
  object space 128000K, 67% used [0x0000000735200000,0x000000073a607808,0x000000073cf00000)
 Metaspace       used 45496K, capacity 47492K, committed 47616K, reserved 1091584K
  class space    used 5734K, capacity 6103K, committed 6144K, reserved 1048576K

